<?xml version="1.0" encoding="UTF-8"?>
<!-- Generated by org.testng.reporters.JUnitReportReporter -->
<testsuite hostname="DESKTOP-TFECAG1" failures="0" tests="4" name="demo.DemoTest" time="14.024" errors="0" timestamp="2025-11-29T16:22:36 IST" skipped="0">
  <testcase classname="demo.DemoTest" name="m3" time="4.027"/>
  <testcase classname="demo.DemoTest" name="m3" time="4.027"/>
  <testcase classname="demo.DemoTest" name="m3" time="1.945"/>
  <testcase classname="demo.DemoTest" name="m3" time="4.025"/>
</testsuite> <!-- demo.DemoTest -->
