<?xml version="1.0" encoding="UTF-8"?>
<!-- Generated by org.testng.reporters.JUnitReportReporter -->
<testsuite hostname="DESKTOP-TFECAG1" failures="0" tests="1" name="org.ninjacrm.contacts.CreateContactWithAllFieldTest" time="18.823" errors="0" timestamp="2025-12-04T15:03:35 IST" skipped="0">
  <testcase classname="org.ninjacrm.contacts.CreateContactWithAllFieldTest" name="createContactWithAllFieldTest" time="18.823">
    <system-out>
      <![CDATA[>>>>>>>>>>>>>>>>>>>>>>>>>>>>Test Execution Success<<<<<<<<<<<<<<<<<<<<<<<]]>
    </system-out>
  </testcase> <!-- createContactWithAllFieldTest -->
  <system-out>
    <![CDATA[Connection Established
>>>>>>>>>>>>>>>>>>>>>>>>>>>>Test Execution Success<<<<<<<<<<<<<<<<<<<<<<<
>>>>>>>>>>>>>>>>>>>>>>>>>>>>Test Execution Success<<<<<<<<<<<<<<<<<<<<<<<
>>>>>>>>>>>>>>>>>>>>>>>>>>>>Test Execution Success<<<<<<<<<<<<<<<<<<<<<<<
>>>>>>>>>>>>>>>>>>>>>>>>>>>>Test Execution Success<<<<<<<<<<<<<<<<<<<<<<<
>>>>>>>>>>>>>>>>>>>>>>>>>>>>Test Execution Success<<<<<<<<<<<<<<<<<<<<<<<
>>>>>>>>>>>>>>>>>>>>>>>>>>>>Test Execution Success<<<<<<<<<<<<<<<<<<<<<<<
>>>>>>>>>>>>>>>>>>>>>>>>>>>>Test Execution Success<<<<<<<<<<<<<<<<<<<<<<<
>>>>>>>>>>>>>>>>>>>>>>>>>>>>Test Execution Success<<<<<<<<<<<<<<<<<<<<<<<
>>>>>>>>>>>>>>>>>>>>>>>>>>>>Test Execution Success<<<<<<<<<<<<<<<<<<<<<<<]]>
  </system-out>
</testsuite> <!-- org.ninjacrm.contacts.CreateContactWithAllFieldTest -->
