<?xml version="1.0" encoding="UTF-8"?>
<!-- Generated by org.testng.reporters.JUnitReportReporter -->
<testsuite hostname="DESKTOP-TFECAG1" failures="0" tests="1" name="org.ninjacrm.createcampaign.CreateCampaignWithAllFieldTest" time="6.028" errors="0" timestamp="2025-12-04T12:57:38 IST" skipped="0">
  <testcase classname="org.ninjacrm.createcampaign.CreateCampaignWithAllFieldTest" name="createCampaignWithAllFieldTest" time="6.028">
    <system-out>
      <![CDATA[>>>>>>>>>>>>>>>>>>>>>>>>>>>>Test Execution Success<<<<<<<<<<<<<<<<<<<<<<<]]>
    </system-out>
  </testcase> <!-- createCampaignWithAllFieldTest -->
  <system-out>
    <![CDATA[Connection Established
>>>>>>>>>>>>>>>>>>>>>>>>>>>>Test Execution Success<<<<<<<<<<<<<<<<<<<<<<<]]>
  </system-out>
</testsuite> <!-- org.ninjacrm.createcampaign.CreateCampaignWithAllFieldTest -->
