<?xml version="1.0" encoding="UTF-8"?>
<!-- Generated by org.testng.reporters.JUnitReportReporter -->
<testsuite hostname="DESKTOP-TFECAG1" failures="0" tests="1" name="org.ninjacrm.leads.CreateLeadsWithAllField" time="65.810" errors="0" timestamp="2025-12-02T17:13:42 IST" skipped="0">
  <testcase classname="org.ninjacrm.leads.CreateLeadsWithAllField" name="CreateLeadsWithAllFieldTest" time="65.810">
    <system-out>
      <![CDATA[>>>>>>>>>>>>>>>>>>>>>>>>>>>>Test Execution Success<<<<<<<<<<<<<<<<<<<<<<<]]>
    </system-out>
  </testcase> <!-- CreateLeadsWithAllFieldTest -->
  <system-out>
    <![CDATA[Connection Established
>>>>>>>>>>>>>>>>>>>>>>>>>>>>Test Execution Success<<<<<<<<<<<<<<<<<<<<<<<
>>>>>>>>>>>>>>>>>>>>>>>>>>>>Test Execution Success<<<<<<<<<<<<<<<<<<<<<<<
>>>>>>>>>>>>>>>>>>>>>>>>>>>>Test Execution Success<<<<<<<<<<<<<<<<<<<<<<<
>>>>>>>>>>>>>>>>>>>>>>>>>>>>Test Execution Success<<<<<<<<<<<<<<<<<<<<<<<
>>>>>>>>>>>>>>>>>>>>>>>>>>>>Test Execution Success<<<<<<<<<<<<<<<<<<<<<<<
>>>>>>>>>>>>>>>>>>>>>>>>>>>>Test Execution Success<<<<<<<<<<<<<<<<<<<<<<<
>>>>>>>>>>>>>>>>>>>>>>>>>>>>Test Execution Failure<<<<<<<<<<<<<<<<<<<<<<<
>>>>>>>>>>>>>>>>>>>>>>>>>>>>Test Execution Success<<<<<<<<<<<<<<<<<<<<<<<
>>>>>>>>>>>>>>>>>>>>>>>>>>>>Test Execution Success<<<<<<<<<<<<<<<<<<<<<<<]]>
  </system-out>
</testsuite> <!-- org.ninjacrm.leads.CreateLeadsWithAllField -->
