<?xml version="1.0" encoding="UTF-8"?>
<testng-results ignored="0" total="1" passed="0" failed="1" skipped="0">
  <reporter-output>
    <line>
      <![CDATA[Connection Established]]>
    </line>
    <line>
      <![CDATA[>>>>>>>>>>>>>>>>>>>>>>>>>>>>Test Execution Failure<<<<<<<<<<<<<<<<<<<<<<<]]>
    </line>
  </reporter-output>
  <suite started-at="2025-12-03T11:16:24 IST" name="Default suite" finished-at="2025-12-03T11:16:35 IST" duration-ms="10947">
    <groups>
    </groups>
    <test started-at="2025-12-03T11:16:24 IST" name="Default test" finished-at="2025-12-03T11:16:35 IST" duration-ms="10947">
      <class name="org.ninjacrm.createcampaign.CreateCampaignWithMandatoryField">
        <test-method is-config="true" signature="beforeSuite()[pri:0, instance:org.ninjacrm.createcampaign.CreateCampaignWithMandatoryField@7bedc48a]" started-at="2025-12-03T11:16:24 IST" name="beforeSuite" finished-at="2025-12-03T11:16:24 IST" duration-ms="24" status="PASS">
          <reporter-output>
            <line>
              <![CDATA[Connection Established]]>
            </line>
          </reporter-output>
        </test-method> <!-- beforeSuite -->
        <test-method is-config="true" signature="beforeClass()[pri:0, instance:org.ninjacrm.createcampaign.CreateCampaignWithMandatoryField@7bedc48a]" started-at="2025-12-03T11:16:24 IST" name="beforeClass" finished-at="2025-12-03T11:16:28 IST" duration-ms="3674" status="PASS">
          <reporter-output>
          </reporter-output>
        </test-method> <!-- beforeClass -->
        <test-method is-config="true" signature="beforeMethod()[pri:0, instance:org.ninjacrm.createcampaign.CreateCampaignWithMandatoryField@7bedc48a]" started-at="2025-12-03T11:16:28 IST" name="beforeMethod" finished-at="2025-12-03T11:16:30 IST" duration-ms="2539" status="PASS">
          <reporter-output>
          </reporter-output>
        </test-method> <!-- beforeMethod -->
        <test-method signature="CreateCampaignWithMandatoryFieldTest()[pri:0, instance:org.ninjacrm.createcampaign.CreateCampaignWithMandatoryField@7bedc48a]" started-at="2025-12-03T11:16:30 IST" name="CreateCampaignWithMandatoryFieldTest" finished-at="2025-12-03T11:16:32 IST" duration-ms="1772" status="FAIL">
          <exception class="java.lang.AssertionError">
            <message>
              <![CDATA[expected [] but found [hi]]]>
            </message>
            <full-stacktrace>
              <![CDATA[java.lang.AssertionError: expected [] but found [hi]
at org.testng.Assert.fail(Assert.java:111)
at org.testng.Assert.failNotEquals(Assert.java:1578)
at org.testng.Assert.assertEqualsImpl(Assert.java:150)
at org.testng.Assert.assertEquals(Assert.java:132)
at org.testng.Assert.assertEquals(Assert.java:656)
at org.testng.Assert.assertEquals(Assert.java:666)
at org.ninjacrm.createcampaign.CreateCampaignWithMandatoryField.CreateCampaignWithMandatoryFieldTest(CreateCampaignWithMandatoryField.java:29)
at java.base/jdk.internal.reflect.DirectMethodHandleAccessor.invoke(DirectMethodHandleAccessor.java:103)
at java.base/java.lang.reflect.Method.invoke(Method.java:580)
at org.testng.internal.invokers.MethodInvocationHelper.invokeMethod(MethodInvocationHelper.java:141)
at org.testng.internal.invokers.TestInvoker.invokeMethod(TestInvoker.java:686)
at org.testng.internal.invokers.TestInvoker.invokeTestMethod(TestInvoker.java:230)
at org.testng.internal.invokers.MethodRunner.runInSequence(MethodRunner.java:63)
at org.testng.internal.invokers.TestInvoker$MethodInvocationAgent.invoke(TestInvoker.java:992)
at org.testng.internal.invokers.TestInvoker.invokeTestMethods(TestInvoker.java:203)
at org.testng.internal.invokers.TestMethodWorker.invokeTestMethods(TestMethodWorker.java:154)
at org.testng.internal.invokers.TestMethodWorker.run(TestMethodWorker.java:134)
at java.base/java.util.ArrayList.forEach(ArrayList.java:1596)
at org.testng.TestRunner.privateRun(TestRunner.java:739)
at org.testng.TestRunner.run(TestRunner.java:614)
at org.testng.SuiteRunner.runTest(SuiteRunner.java:421)
at org.testng.SuiteRunner.runSequentially(SuiteRunner.java:413)
at org.testng.SuiteRunner.privateRun(SuiteRunner.java:373)
at org.testng.SuiteRunner.run(SuiteRunner.java:312)
at org.testng.SuiteRunnerWorker.runSuite(SuiteRunnerWorker.java:52)
at org.testng.SuiteRunnerWorker.run(SuiteRunnerWorker.java:95)
at org.testng.TestNG.runSuitesSequentially(TestNG.java:1274)
at org.testng.TestNG.runSuitesLocally(TestNG.java:1208)
at org.testng.TestNG.runSuites(TestNG.java:1112)
at org.testng.TestNG.run(TestNG.java:1079)
at org.testng.remote.AbstractRemoteTestNG.run(AbstractRemoteTestNG.java:115)
at org.testng.remote.RemoteTestNG.initAndRun(RemoteTestNG.java:293)
at org.testng.remote.RemoteTestNG.main(RemoteTestNG.java:91)
]]>
            </full-stacktrace>
          </exception> <!-- java.lang.AssertionError -->
          <reporter-output>
            <line>
              <![CDATA[>>>>>>>>>>>>>>>>>>>>>>>>>>>>Test Execution Failure<<<<<<<<<<<<<<<<<<<<<<<]]>
            </line>
          </reporter-output>
        </test-method> <!-- CreateCampaignWithMandatoryFieldTest -->
        <test-method is-config="true" signature="afterMethod()[pri:0, instance:org.ninjacrm.createcampaign.CreateCampaignWithMandatoryField@7bedc48a]" started-at="2025-12-03T11:16:32 IST" name="afterMethod" finished-at="2025-12-03T11:16:34 IST" duration-ms="1706" status="PASS">
          <reporter-output>
          </reporter-output>
        </test-method> <!-- afterMethod -->
        <test-method is-config="true" signature="afterClass()[pri:0, instance:org.ninjacrm.createcampaign.CreateCampaignWithMandatoryField@7bedc48a]" started-at="2025-12-03T11:16:34 IST" name="afterClass" finished-at="2025-12-03T11:16:35 IST" duration-ms="905" status="PASS">
          <reporter-output>
          </reporter-output>
        </test-method> <!-- afterClass -->
      </class> <!-- org.ninjacrm.createcampaign.CreateCampaignWithMandatoryField -->
    </test> <!-- Default test -->
  </suite> <!-- Default suite -->
</testng-results>
