<?xml version="1.0" encoding="UTF-8"?>
<!-- Generated by org.testng.reporters.JUnitXMLReporter -->
<testsuite ignored="8" hostname="DESKTOP-TFECAG1" failures="0" tests="9" name="Test" time="43.478" errors="0" timestamp="2025-12-04T15:03:34 IST">
  <testcase classname="org.ninjacrm.createcampaign.CreateCampaignWithMandatoryFieldTest" name="createCampaignWithMandatoryFieldTest" time="6.766"/>
  <testcase classname="org.ninjacrm.createcampaign.CreateCampaignWithAllFieldTest" name="createCampaignWithAllFieldTest" time="8.06"/>
  <testcase classname="org.ninjacrm.contacts.CreateContactWithMandatoryTest" name="createContactWithMandatoryTest" time="15.538"/>
  <testcase classname="org.ninjacrm.leads.CreateLeadsWithMandatoryFieldTest" name="createLeadsWithMandatoryFieldTest" time="15.81"/>
  <testcase classname="org.ninjacrm.leads.CreateLeadsWithAllFieldTest" name="createLeadsWithAllFieldTest" time="17.994"/>
  <testcase classname="org.ninjacrm.contacts.CreateContactWithoutFieldTest" name="createContactWithoutFieldTest" time="3.572"/>
  <testcase classname="org.ninjacrm.createcampaign.CreateCampaignWithoutDataTest" name="createCampaignWithoutDataTest" time="3.066"/>
  <testcase classname="org.ninjacrm.contacts.CreateContactWithAllFieldTest" name="createContactWithAllFieldTest" time="11.874"/>
  <testcase classname="org.ninjacrm.leads.CreateLeadsWithoutFieldTest" name="createLeadsWithoutFieldTest" time="3.32"/>
  <testcase classname="org.ninjacrm.businessutility.BaseClass" name="@BeforeSuite beforeSuite" time="0.0">
    <ignored/>
  </testcase> <!-- @BeforeSuite beforeSuite -->
  <testcase classname="org.ninjacrm.businessutility.BaseClass" name="@BeforeSuite beforeSuite" time="0.0">
    <ignored/>
  </testcase> <!-- @BeforeSuite beforeSuite -->
  <testcase classname="org.ninjacrm.businessutility.BaseClass" name="@BeforeSuite beforeSuite" time="0.0">
    <ignored/>
  </testcase> <!-- @BeforeSuite beforeSuite -->
  <testcase classname="org.ninjacrm.businessutility.BaseClass" name="@BeforeSuite beforeSuite" time="0.0">
    <ignored/>
  </testcase> <!-- @BeforeSuite beforeSuite -->
  <testcase classname="org.ninjacrm.businessutility.BaseClass" name="@BeforeSuite beforeSuite" time="0.0">
    <ignored/>
  </testcase> <!-- @BeforeSuite beforeSuite -->
  <testcase classname="org.ninjacrm.businessutility.BaseClass" name="@BeforeSuite beforeSuite" time="0.0">
    <ignored/>
  </testcase> <!-- @BeforeSuite beforeSuite -->
  <testcase classname="org.ninjacrm.businessutility.BaseClass" name="@BeforeSuite beforeSuite" time="0.0">
    <ignored/>
  </testcase> <!-- @BeforeSuite beforeSuite -->
  <testcase classname="org.ninjacrm.businessutility.BaseClass" name="@BeforeSuite beforeSuite" time="0.0">
    <ignored/>
  </testcase> <!-- @BeforeSuite beforeSuite -->
</testsuite> <!-- Test -->
